<?xml version="1.0" encoding="UTF-8"?>
<!-- Generated by org.testng.reporters.JUnitReportReporter -->
<testsuite skipped="0" hostname="DESKTOP-CU2OIQK" name="com.amazon.Amazon" tests="2" failures="0" timestamp="9 Jan 2020 18:29:48 GMT" time="70.346" errors="0">
  <testcase name="cancel_cod" time="24.061" classname="com.amazon.Amazon"/>
  <testcase name="Login" time="46.285" classname="com.amazon.Amazon"/>
</testsuite> <!-- com.amazon.Amazon -->
